<?xml version="1.0" encoding="UTF-8"?>
<!-- Generated by org.testng.reporters.JUnitReportReporter -->
<testsuite skipped="0" hostname="Amrit" name="day7.Testngclass2" tests="1" failures="0" timestamp="2019-09-17T11:36:52 PDT" time="11.264" errors="0">
  <testcase name="verifyLoginWithCorrectCredentials" time="11.264" classname="day7.Testngclass2"/>
</testsuite> <!-- day7.Testngclass2 -->
