<?xml version="1.0" encoding="UTF-8"?>
<!-- Generated by org.testng.reporters.JUnitReportReporter -->
<testsuite skipped="0" hostname="Amrit" name="day7.TestingClass1" tests="5" failures="0" timestamp="2019-09-17T13:04:43 PDT" time="0.051" errors="0">
  <testcase name="testcase2" time="0.007" classname="day7.TestingClass1"/>
  <testcase name="testcase6" time="0.007" classname="day7.TestingClass1"/>
  <testcase name="testcase1" time="0.018" classname="day7.TestingClass1"/>
  <testcase name="testcase3" time="0.009" classname="day7.TestingClass1"/>
  <testcase name="testcase7" time="0.010" classname="day7.TestingClass1"/>
</testsuite> <!-- day7.TestingClass1 -->
