<?xml version="1.0" encoding="UTF-8"?>
<!-- Generated by org.testng.reporters.JUnitReportReporter -->
<testsuite skipped="0" hostname="Amrit" name="in.guru99.tests.HomePageTests" tests="1" failures="0" timestamp="25 Sep 2019 16:42:02 GMT" time="6.501" errors="0">
  <testcase name="loginvalue" time="6.501" classname="in.guru99.tests.HomePageTests"/>
</testsuite> <!-- in.guru99.tests.HomePageTests -->
