<?xml version="1.0" encoding="UTF-8"?>
<!-- Generated by org.testng.reporters.JUnitReportReporter -->
<testsuite skipped="0" hostname="Amrit" name="demo.AmazonHomePageTests" tests="1" failures="0" timestamp="23 Sep 2019 17:38:50 GMT" time="8.043" errors="0">
  <testcase name="verifySearchProduct" time="8.043" classname="demo.AmazonHomePageTests"/>
</testsuite> <!-- demo.AmazonHomePageTests -->
